/Users/pawelwaszkiewicz/Developer/GitHub/projektowanie-aplikacji-internetowych/myproject/myapp/forms.py changed, reloading.
Watching for file changes with StatReloader
/Users/pawelwaszkiewicz/Developer/GitHub/projektowanie-aplikacji-internetowych/myproject/myapp/views.py changed, reloading.
Watching for file changes with StatReloader
/Users/pawelwaszkiewicz/Developer/GitHub/projektowanie-aplikacji-internetowych/myproject/myapp/views.py changed, reloading.
Watching for file changes with StatReloader
/Users/pawelwaszkiewicz/Developer/GitHub/projektowanie-aplikacji-internetowych/myproject/myapp/forms.py changed, reloading.
Watching for file changes with StatReloader
/Users/pawelwaszkiewicz/Developer/GitHub/projektowanie-aplikacji-internetowych/myproject/myapp/views.py changed, reloading.
Watching for file changes with StatReloader
Not Found: /favicon.ico
/Users/pawelwaszkiewicz/Developer/GitHub/projektowanie-aplikacji-internetowych/myproject/myapp/forms.py changed, reloading.
Watching for file changes with StatReloader
/Users/pawelwaszkiewicz/Developer/GitHub/projektowanie-aplikacji-internetowych/myproject/myapp/forms.py changed, reloading.
Watching for file changes with StatReloader
Not Found: /site.webmanifest
Not Found: /site.webmanifest
Not Found: /site.webmanifest
Not Found: /site.webmanifest
Not Found: /site.webmanifest
Not Found: /site.webmanifest
Not Found: /site.webmanifest
Not Found: /site.webmanifest
Not Found: /site.webmanifest
Not Found: /site.webmanifest
Not Found: /site.webmanifest
Not Found: /site.webmanifest
Not Found: /site.webmanifest
Not Found: /site.webmanifest
Not Found: /site.webmanifest
Not Found: /site.webmanifest
Not Found: /site.webmanifest
Not Found: /site.webmanifest
Not Found: /site.webmanifest
Not Found: /site.webmanifest
/Users/pawelwaszkiewicz/Developer/GitHub/projektowanie-aplikacji-internetowych/myproject/myapp/forms.py changed, reloading.
Watching for file changes with StatReloader
Not Found: /site.webmanifest
Not Found: /site.webmanifest
Not Found: /site.webmanifest
Not Found: /site.webmanifest
Not Found: /site.webmanifest
Not Found: /site.webmanifest
Not Found: /site.webmanifest
Not Found: /site.webmanifest
Not Found: /site.webmanifest
Not Found: /site.webmanifest
Not Found: /site.webmanifest
Not Found: /site.webmanifest
Not Found: /site.webmanifest
Not Found: /site.webmanifest
Not Found: /site.webmanifest
Not Found: /site.webmanifest
Not Found: /site.webmanifest
Not Found: /site.webmanifest
Not Found: /site.webmanifest
Not Found: /site.webmanifest
Not Found: /site.webmanifest
Not Found: /site.webmanifest
Not Found: /site.webmanifest
Not Found: /site.webmanifest
Not Found: /site.webmanifest
Not Found: /site.webmanifest
Not Found: /site.webmanifest
/Users/pawelwaszkiewicz/Developer/GitHub/projektowanie-aplikacji-internetowych/myproject/myapp/forms.py changed, reloading.
Watching for file changes with StatReloader
/Users/pawelwaszkiewicz/Developer/GitHub/projektowanie-aplikacji-internetowych/myproject/myproject/settings.py changed, reloading.
Watching for file changes with StatReloader
/Users/pawelwaszkiewicz/Developer/GitHub/projektowanie-aplikacji-internetowych/myproject/myproject/settings.py changed, reloading.
Watching for file changes with StatReloader
Not Found: /panel/{% static 'js/darkmode.js'}
Not Found: /panel/{% static 'js/darkmode.js'}
Not Found: /panel/{% static 'js/darkmode.js'}
Not Found: /panel/{% static 'js/darkmode.js'}
Forbidden (CSRF token from POST incorrect.): /register/
Not Found: /favicon.ico
Forbidden (CSRF token from POST incorrect.): /upload_image/
Użytkownik pwaszkiewicz przesłał plik: Obraz-na-plotnie-Testoviron-Pomarancze.jpeg
Użytkownik pwaszkiewicz przesłał plik: Obraz-na-plotnie-Testoviron-Pomarancze.jpeg
/Users/pawelwaszkiewicz/Developer/GitHub/projektowanie-aplikacji-internetowych/myproject/myapp/forms.py changed, reloading.
Watching for file changes with StatReloader
/Users/pawelwaszkiewicz/Developer/GitHub/projektowanie-aplikacji-internetowych/myproject/myapp/forms.py changed, reloading.
Watching for file changes with StatReloader
Użytkownik pwaszkiewicz przesłał plik: 326bf419bc198c6f11a8f0b3cf2e50b7.gif
Użytkownik pwaszkiewicz przesłał plik: 326bf419bc198c6f11a8f0b3cf2e50b7.gif
Użytkownik pwaszkiewicz przesłał plik: 326bf419bc198c6f11a8f0b3cf2e50b7.gif
Użytkownik pwaszkiewicz przesłał plik: 326bf419bc198c6f11a8f0b3cf2e50b7.gif
Użytkownik pwaszkiewicz przesłał plik: 326bf419bc198c6f11a8f0b3cf2e50b7.gif
Użytkownik pwaszkiewicz przesłał plik: 326bf419bc198c6f11a8f0b3cf2e50b7.gif
Użytkownik pwaszkiewicz przesłał plik: 326bf419bc198c6f11a8f0b3cf2e50b7.gif
Watching for file changes with StatReloader
Watching for file changes with StatReloader
Użytkownik pwaszkiewicz przesłał plik: Beautiful Free Image.jpg
Użytkownik pwaszkiewicz przesłał plik: Mountain Sunset Hiking.jpg
Użytkownik pwaszkiewicz przesłał plik: Neom Unsplash.jpg
Użytkownik pwaszkiewicz przesłał plik: Neom Unsplash.jpg
Użytkownik pwaszkiewicz przesłał plik: Neom Unsplash.jpg
Użytkownik pwaszkiewicz przesłał plik: Neom Unsplash.jpg
Użytkownik pwaszkiewicz przesłał plik: balazs-ketyi-LPWl2pEVGKc-unsplash.jpg
Użytkownik pwaszkiewicz przesłał plik: balazs-ketyi-LPWl2pEVGKc-unsplash.jpg
Użytkownik pwaszkiewicz przesłał plik: balazs-ketyi-LPWl2pEVGKc-unsplash.jpg
Użytkownik pwaszkiewicz przesłał plik: 1625169718835.jpeg
Użytkownik pwaszkiewicz przesłał plik: 1625169718835.jpeg
Użytkownik pwaszkiewicz przesłał plik: Beautiful Free Image.jpg
Użytkownik pwaszkiewicz przesłał plik: Beautiful Free Image.jpg
Not Found: /apple-touch-icon.png
Not Found: /apple-touch-icon-precomposed.png
Not Found: /favicon.ico
Użytkownik coscoscos przesłał plik: Beautiful Free Images Unsplash.jpg
Użytkownik coscoscos przesłał plik: Desert Van.jpg
Użytkownik coscoscos przesłał plik: Mountain Sunset Hiking.jpg
Użytkownik coscoscos przesłał plik: Neom Unsplash.jpg
Użytkownik coscoscos przesłał plik: norbert-buduczki-BCaBMlDwutQ-unsplash.jpg
Użytkownik coscoscos przesłał plik: Mountain Sunset Hiking.jpg
Użytkownik coscoscos przesłał plik: Mountain Sunset Hiking.jpg
